<html>
<head>
<title>TestNG:  Default test</title>
<link href="../testng.css" rel="stylesheet" type="text/css" />
<link href="../my-testng.css" rel="stylesheet" type="text/css" />

<style type="text/css">
.log { display: none;} 
.stack-trace { display: none;} 
</style>
<script type="text/javascript">
<!--
function flip(e) {
  current = e.style.display;
  if (current == 'block') {
    e.style.display = 'none';
    return 0;
  }
  else {
    e.style.display = 'block';
    return 1;
  }
}

function toggleBox(szDivId, elem, msg1, msg2)
{
  var res = -1;  if (document.getElementById) {
    res = flip(document.getElementById(szDivId));
  }
  else if (document.all) {
    // this is the way old msie versions work
    res = flip(document.all[szDivId]);
  }
  if(elem) {
    if(res == 0) elem.innerHTML = msg1; else elem.innerHTML = msg2;
  }

}

function toggleAllBoxes() {
  if (document.getElementsByTagName) {
    d = document.getElementsByTagName('div');
    for (i = 0; i < d.length; i++) {
      if (d[i].className == 'log') {
        flip(d[i]);
      }
    }
  }
}

// -->
</script>

</head>
<body>
<h2 align='center'>Default test</h2><table border='1' align="center">
<tr>
<td>Tests passed/Failed/Skipped:</td><td>4/1/0</td>
</tr><tr>
<td>Started on:</td><td>Thu Oct 03 16:55:39 IST 2024</td>
</tr>
<tr><td>Total time:</td><td>243 seconds (243074 ms)</td>
</tr><tr>
<td>Included groups:</td><td></td>
</tr><tr>
<td>Excluded groups:</td><td></td>
</tr>
</table><p/>
<small><i>(Hover the method name to see the test class name)</i></small><p/>
<table width='100%' border='1' class='invocation-failed'>
<tr><td colspan='4' align='center'><b>FAILED TESTS</b></td></tr>
<tr><td><b>Test method</b></td>
<td><b>Attribute(s)</b></td>
<td width="30%"><b>Exception</b></td>
<td width="10%"><b>Time (seconds)</b></td>
<td><b>Instance</b></td>
</tr>
<tr>
<td title='com.runner.RLL_240Testing_FirstCry_AddToCart.RunnerTestNG.runScenario()'><b>runScenario</b><br>Test class: com.runner.RLL_240Testing_FirstCry_AddToCart.RunnerTestNG<br>Test method: Runs Cucumber Scenarios<br>Parameters: "User adds a product to the cart successfully", "Optional[User Login and Add to Cart]"</td>
<td><div><pre>org.openqa.selenium.ElementNotInteractableException: element not interactable
  (Session info: chrome=129.0.6668.89)
Build info: version: &apos;4.20.0&apos;, revision: &apos;866c76ca80&apos;
System info: os.name: &apos;Windows 10&apos;, os.arch: &apos;amd64&apos;, os.version: &apos;10.0&apos;, java.version: &apos;17.0.10&apos;
Driver info: org.openqa.selenium.chrome.ChromeDriver
Command: [f7f84a3b68eff44e9cb635c294b663cb, clickElement {id=f.C0E4410D8A1F4736193430F31A1DCF52.d.EB42BB97E7F9B408AA7C0CF3A7942ED3.e.137}]
Capabilities {acceptInsecureCerts: false, browserName: chrome, browserVersion: 129.0.6668.89, chrome: {chromedriverVersion: 129.0.6668.89 (951c0b97221f..., userDataDir: C:\Users\AJMEER~1.NAR\AppDa...}, fedcm:accounts: true, goog:chromeOptions: {debuggerAddress: localhost:62852}, networkConnectionEnabled: false, pageLoadStrategy: normal, platformName: windows, proxy: Proxy(), se:cdp: ws://localhost:62852/devtoo..., se:cdpVersion: 129.0.6668.89, setWindowRect: true, strictFileInteractability: false, timeouts: {implicit: 0, pageLoad: 300000, script: 30000}, unhandledPromptBehavior: dismiss and notify, webauthn:extension:credBlob: true, webauthn:extension:largeBlob: true, webauthn:extension:minPinLength: true, webauthn:extension:prf: true, webauthn:virtualAuthenticators: true}
Element: [[ChromeDriver: chrome on windows (f7f84a3b68eff44e9cb635c294b663cb)] -&gt; xpath: //div[@class=&apos;addgotoText btn_fill add_to_cart&apos;]//span[text()=&apos;ADD TO CART&apos;]]
Session ID: f7f84a3b68eff44e9cb635c294b663cb
	at java.base/jdk.internal.reflect.NativeConstructorAccessorImpl.newInstance0(Native Method)
	at java.base/jdk.internal.reflect.NativeConstructorAccessorImpl.newInstance(NativeConstructorAccessorImpl.java:77)
	at java.base/jdk.internal.reflect.DelegatingConstructorAccessorImpl.newInstance(DelegatingConstructorAccessorImpl.java:45)
	at java.base/java.lang.reflect.Constructor.newInstanceWithCaller(Constructor.java:499)
	at java.base/java.lang.reflect.Constructor.newInstance(Constructor.java:480)
	at org.openqa.selenium.remote.ErrorCodec.decode(ErrorCodec.java:167)
	at org.openqa.selenium.remote.codec.w3c.W3CHttpResponseCodec.decode(W3CHttpResponseCodec.java:138)
	at org.openqa.selenium.remote.codec.w3c.W3CHttpResponseCodec.decode(W3CHttpResponseCodec.java:50)
	at org.openqa.selenium.remote.HttpCommandExecutor.execute(HttpCommandExecutor.java:190)
	at org.openqa.selenium.remote.service.DriverCommandExecutor.invokeExecute(DriverCommandExecutor.java:216)
	at org.openqa.selenium.remote.service.DriverCommandExecutor.execute(DriverCommandExecutor.java:174)
	at org.openqa.selenium.remote.RemoteWebDriver.execute(RemoteWebDriver.java:518)
	at org.openqa.selenium.remote.RemoteWebElement.execute(RemoteWebElement.java:223)
	at org.openqa.selenium.remote.RemoteWebElement.click(RemoteWebElement.java:76)
	at com.pages.RLL_240Testing_FirstCry_AddToCart.AddToCartPage.addToCart(AddToCartPage.java:64)
	at com.stepdefinition.RLL_240Testing_FirstCry_AddToCart.stepDefinition.the_user_clicks_on_the_add_to_cart_button(stepDefinition.java:179)
	at ✽.the user clicks on the Add to Cart button(file:///C:/Users/ajmeera.naresh/Desktop/New%20folder/RLL_240Testing_FirstCry_AddToCart/src/test/resource/com/feature/AddToCart/AddToCart.feature:29)
</pre></div><a href='#' onClick='toggleBox("stack-trace1271084832", this, "Click to show all stack frames", "Click to hide stack frames")'>Click to show all stack frames</a>
<div class='stack-trace' id='stack-trace1271084832'><pre>org.openqa.selenium.ElementNotInteractableException: element not interactable
  (Session info: chrome=129.0.6668.89)
Build info: version: &apos;4.20.0&apos;, revision: &apos;866c76ca80&apos;
System info: os.name: &apos;Windows 10&apos;, os.arch: &apos;amd64&apos;, os.version: &apos;10.0&apos;, java.version: &apos;17.0.10&apos;
Driver info: org.openqa.selenium.chrome.ChromeDriver
Command: [f7f84a3b68eff44e9cb635c294b663cb, clickElement {id=f.C0E4410D8A1F4736193430F31A1DCF52.d.EB42BB97E7F9B408AA7C0CF3A7942ED3.e.137}]
Capabilities {acceptInsecureCerts: false, browserName: chrome, browserVersion: 129.0.6668.89, chrome: {chromedriverVersion: 129.0.6668.89 (951c0b97221f..., userDataDir: C:\Users\AJMEER~1.NAR\AppDa...}, fedcm:accounts: true, goog:chromeOptions: {debuggerAddress: localhost:62852}, networkConnectionEnabled: false, pageLoadStrategy: normal, platformName: windows, proxy: Proxy(), se:cdp: ws://localhost:62852/devtoo..., se:cdpVersion: 129.0.6668.89, setWindowRect: true, strictFileInteractability: false, timeouts: {implicit: 0, pageLoad: 300000, script: 30000}, unhandledPromptBehavior: dismiss and notify, webauthn:extension:credBlob: true, webauthn:extension:largeBlob: true, webauthn:extension:minPinLength: true, webauthn:extension:prf: true, webauthn:virtualAuthenticators: true}
Element: [[ChromeDriver: chrome on windows (f7f84a3b68eff44e9cb635c294b663cb)] -&gt; xpath: //div[@class=&apos;addgotoText btn_fill add_to_cart&apos;]//span[text()=&apos;ADD TO CART&apos;]]
Session ID: f7f84a3b68eff44e9cb635c294b663cb
	at java.base/jdk.internal.reflect.NativeConstructorAccessorImpl.newInstance0(Native Method)
	at java.base/jdk.internal.reflect.NativeConstructorAccessorImpl.newInstance(NativeConstructorAccessorImpl.java:77)
	at java.base/jdk.internal.reflect.DelegatingConstructorAccessorImpl.newInstance(DelegatingConstructorAccessorImpl.java:45)
	at java.base/java.lang.reflect.Constructor.newInstanceWithCaller(Constructor.java:499)
	at java.base/java.lang.reflect.Constructor.newInstance(Constructor.java:480)
	at org.openqa.selenium.remote.ErrorCodec.decode(ErrorCodec.java:167)
	at org.openqa.selenium.remote.codec.w3c.W3CHttpResponseCodec.decode(W3CHttpResponseCodec.java:138)
	at org.openqa.selenium.remote.codec.w3c.W3CHttpResponseCodec.decode(W3CHttpResponseCodec.java:50)
	at org.openqa.selenium.remote.HttpCommandExecutor.execute(HttpCommandExecutor.java:190)
	at org.openqa.selenium.remote.service.DriverCommandExecutor.invokeExecute(DriverCommandExecutor.java:216)
	at org.openqa.selenium.remote.service.DriverCommandExecutor.execute(DriverCommandExecutor.java:174)
	at org.openqa.selenium.remote.RemoteWebDriver.execute(RemoteWebDriver.java:518)
	at org.openqa.selenium.remote.RemoteWebElement.execute(RemoteWebElement.java:223)
	at org.openqa.selenium.remote.RemoteWebElement.click(RemoteWebElement.java:76)
	at com.pages.RLL_240Testing_FirstCry_AddToCart.AddToCartPage.addToCart(AddToCartPage.java:64)
	at com.stepdefinition.RLL_240Testing_FirstCry_AddToCart.stepDefinition.the_user_clicks_on_the_add_to_cart_button(stepDefinition.java:179)
	at ✽.the user clicks on the Add to Cart button(file:///C:/Users/ajmeera.naresh/Desktop/New%20folder/RLL_240Testing_FirstCry_AddToCart/src/test/resource/com/feature/AddToCart/AddToCart.feature:29)
</pre></div></td>
<td>62</td>
<td>com.runner.RLL_240Testing_FirstCry_AddToCart.RunnerTestNG@24569dba</td></tr>
</table><p>
<table width='100%' border='1' class='invocation-passed'>
<tr><td colspan='4' align='center'><b>PASSED TESTS</b></td></tr>
<tr><td><b>Test method</b></td>
<td><b>Attribute(s)</b></td>
<td width="30%"><b>Exception</b></td>
<td width="10%"><b>Time (seconds)</b></td>
<td><b>Instance</b></td>
</tr>
<tr>
<td title='com.runner.RLL_240Testing_FirstCry_AddToCart.RunnerTestNG.runScenario()'><b>runScenario</b><br>Test class: com.runner.RLL_240Testing_FirstCry_AddToCart.RunnerTestNG<br>Test method: Runs Cucumber Scenarios<br>Parameters: "User adds a product to the cart successfully", "Optional[User Login and Add to Cart]"</td>
<td></td>
<td>49</td>
<td>com.runner.RLL_240Testing_FirstCry_AddToCart.RunnerTestNG@24569dba</td></tr>
<tr>
<td title='com.runner.RLL_240Testing_FirstCry_AddToCart.RunnerTestNG.runScenario()'><b>runScenario</b><br>Test class: com.runner.RLL_240Testing_FirstCry_AddToCart.RunnerTestNG<br>Test method: Runs Cucumber Scenarios<br>Parameters: "User adds a product to the cart successfully", "Optional[User Login and Add to Cart]"</td>
<td></td>
<td>52</td>
<td>com.runner.RLL_240Testing_FirstCry_AddToCart.RunnerTestNG@24569dba</td></tr>
<tr>
<td title='com.runner.RLL_240Testing_FirstCry_AddToCart.RunnerTestNG.runScenario()'><b>runScenario</b><br>Test class: com.runner.RLL_240Testing_FirstCry_AddToCart.RunnerTestNG<br>Test method: Runs Cucumber Scenarios<br>Parameters: "User searches for a product successfully", "Optional[User Login and Add to Cart]"</td>
<td></td>
<td>26</td>
<td>com.runner.RLL_240Testing_FirstCry_AddToCart.RunnerTestNG@24569dba</td></tr>
<tr>
<td title='com.runner.RLL_240Testing_FirstCry_AddToCart.RunnerTestNG.runScenario()'><b>runScenario</b><br>Test class: com.runner.RLL_240Testing_FirstCry_AddToCart.RunnerTestNG<br>Test method: Runs Cucumber Scenarios<br>Parameters: "User adds a product to the cart successfully", "Optional[User Login and Add to Cart]"</td>
<td></td>
<td>51</td>
<td>com.runner.RLL_240Testing_FirstCry_AddToCart.RunnerTestNG@24569dba</td></tr>
</table><p>
</body>
</html>